
hello.o:     file format elf64-x86-64
hello.o
architecture: i386:x86-64, flags 0x00000011:
HAS_RELOC, HAS_SYMS
start address 0x0000000000000000

Sections:
Idx Name          Size      VMA               LMA               File off  Algn
  0 .text         00000015  0000000000000000  0000000000000000  00000040  2**2
                  CONTENTS, ALLOC, LOAD, RELOC, READONLY, CODE
  1 .data         00000000  0000000000000000  0000000000000000  00000058  2**2
                  CONTENTS, ALLOC, LOAD, DATA
  2 .bss          00000000  0000000000000000  0000000000000000  00000058  2**2
                  ALLOC
  3 .debug_abbrev 0000003f  0000000000000000  0000000000000000  00000058  2**0
                  CONTENTS, READONLY, DEBUGGING
  4 .debug_info   00000123  0000000000000000  0000000000000000  00000097  2**0
                  CONTENTS, RELOC, READONLY, DEBUGGING
  5 .debug_line   0000003e  0000000000000000  0000000000000000  000001ba  2**0
                  CONTENTS, RELOC, READONLY, DEBUGGING
  6 .rodata       0000000e  0000000000000000  0000000000000000  000001f8  2**0
                  CONTENTS, ALLOC, LOAD, READONLY, DATA
  7 .debug_frame  00000038  0000000000000000  0000000000000000  00000208  2**3
                  CONTENTS, RELOC, READONLY, DEBUGGING
  8 .eh_frame     00000040  0000000000000000  0000000000000000  00000240  2**3
                  CONTENTS, ALLOC, LOAD, RELOC, READONLY, DATA
  9 .debug_loc    0000004c  0000000000000000  0000000000000000  00000280  2**0
                  CONTENTS, READONLY, DEBUGGING
 10 .debug_pubnames 0000001b  0000000000000000  0000000000000000  000002cc  2**0
                  CONTENTS, RELOC, READONLY, DEBUGGING
 11 .debug_aranges 00000030  0000000000000000  0000000000000000  000002e7  2**0
                  CONTENTS, RELOC, READONLY, DEBUGGING
 12 .debug_str    00000012  0000000000000000  0000000000000000  00000317  2**0
                  CONTENTS, READONLY, DEBUGGING
 13 .comment      0000001f  0000000000000000  0000000000000000  00000329  2**0
                  CONTENTS, READONLY
 14 .note.GNU-stack 00000000  0000000000000000  0000000000000000  00000348  2**0
                  CONTENTS, READONLY
SYMBOL TABLE:
0000000000000000 l    df *ABS*	0000000000000000 hello.cpp
0000000000000000 l    d  .text	0000000000000000 .text
0000000000000000 l    d  .data	0000000000000000 .data
0000000000000000 l    d  .bss	0000000000000000 .bss
0000000000000000 l    d  .debug_abbrev	0000000000000000 .debug_abbrev
0000000000000000 l    d  .debug_info	0000000000000000 .debug_info
0000000000000000 l    d  .debug_line	0000000000000000 .debug_line
0000000000000000 l    d  .rodata	0000000000000000 .rodata
0000000000000000 l    d  .debug_frame	0000000000000000 .debug_frame
0000000000000000 l    d  .eh_frame	0000000000000000 .eh_frame
0000000000000000 l    d  .debug_loc	0000000000000000 .debug_loc
0000000000000000 l    d  .debug_pubnames	0000000000000000 .debug_pubnames
0000000000000000 l    d  .debug_aranges	0000000000000000 .debug_aranges
0000000000000000 l    d  .debug_str	0000000000000000 .debug_str
0000000000000000 l    d  .note.GNU-stack	0000000000000000 .note.GNU-stack
0000000000000000 l    d  .comment	0000000000000000 .comment
0000000000000000 g     F .text	0000000000000015 main
0000000000000000         *UND*	0000000000000000 puts
0000000000000000         *UND*	0000000000000000 __gxx_personality_v0


RELOCATION RECORDS FOR [.text]:
OFFSET           TYPE              VALUE 
0000000000000005 R_X86_64_32       .rodata
000000000000000a R_X86_64_PC32     puts+0xfffffffffffffffc


RELOCATION RECORDS FOR [.debug_info]:
OFFSET           TYPE              VALUE 
0000000000000006 R_X86_64_32       .debug_abbrev
000000000000000c R_X86_64_32       .debug_line
0000000000000010 R_X86_64_64       .text+0x0000000000000015
0000000000000018 R_X86_64_64       .text
0000000000000086 R_X86_64_32       .debug_str
00000000000000f3 R_X86_64_32       .debug_str
000000000000010e R_X86_64_64       .text
0000000000000116 R_X86_64_64       .text+0x0000000000000015
000000000000011e R_X86_64_32       .debug_loc


RELOCATION RECORDS FOR [.debug_line]:
OFFSET           TYPE              VALUE 
000000000000002d R_X86_64_64       .text


RELOCATION RECORDS FOR [.debug_frame]:
OFFSET           TYPE              VALUE 
000000000000001c R_X86_64_32       .debug_frame
0000000000000020 R_X86_64_64       .text


RELOCATION RECORDS FOR [.eh_frame]:
OFFSET           TYPE              VALUE 
0000000000000012 R_X86_64_32       __gxx_personality_v0
0000000000000028 R_X86_64_32       .text


RELOCATION RECORDS FOR [.debug_pubnames]:
OFFSET           TYPE              VALUE 
0000000000000006 R_X86_64_32       .debug_info


RELOCATION RECORDS FOR [.debug_aranges]:
OFFSET           TYPE              VALUE 
0000000000000006 R_X86_64_32       .debug_info
0000000000000010 R_X86_64_64       .text


