
hello:     file format elf64-x86-64
hello
architecture: i386:x86-64, flags 0x00000112:
EXEC_P, HAS_SYMS, D_PAGED
start address 0x00000000004004f0

Program Header:
    PHDR off    0x0000000000000040 vaddr 0x0000000000400040 paddr 0x0000000000400040 align 2**3
         filesz 0x00000000000001f8 memsz 0x00000000000001f8 flags r-x
  INTERP off    0x0000000000000238 vaddr 0x0000000000400238 paddr 0x0000000000400238 align 2**0
         filesz 0x000000000000001c memsz 0x000000000000001c flags r--
    LOAD off    0x0000000000000000 vaddr 0x0000000000400000 paddr 0x0000000000400000 align 2**20
         filesz 0x000000000000077c memsz 0x000000000000077c flags r-x
    LOAD off    0x0000000000000780 vaddr 0x0000000000500780 paddr 0x0000000000500780 align 2**20
         filesz 0x0000000000000238 memsz 0x0000000000000240 flags rw-
 DYNAMIC off    0x00000000000007a8 vaddr 0x00000000005007a8 paddr 0x00000000005007a8 align 2**3
         filesz 0x00000000000001c0 memsz 0x00000000000001c0 flags rw-
    NOTE off    0x0000000000000254 vaddr 0x0000000000400254 paddr 0x0000000000400254 align 2**2
         filesz 0x0000000000000020 memsz 0x0000000000000020 flags r--
    NOTE off    0x0000000000000274 vaddr 0x0000000000400274 paddr 0x0000000000400274 align 2**2
         filesz 0x0000000000000018 memsz 0x0000000000000018 flags r--
EH_FRAME off    0x00000000000006b8 vaddr 0x00000000004006b8 paddr 0x00000000004006b8 align 2**2
         filesz 0x0000000000000024 memsz 0x0000000000000024 flags r--
   STACK off    0x0000000000000000 vaddr 0x0000000000000000 paddr 0x0000000000000000 align 2**3
         filesz 0x0000000000000000 memsz 0x0000000000000000 flags rw-

Dynamic Section:
  NEEDED      libstdc++.so.6
  NEEDED      libm.so.6
  NEEDED      libgcc_s.so.1
  NEEDED      libc.so.6
  INIT        0x400498
  FINI        0x400694
  HASH        0x400290
  STRTAB      0x400350
  SYMTAB      0x4002c0
  STRSZ       0x98
  SYMENT      0x18
  DEBUG       0x0
  PLTGOT      0x500970
  PLTRELSZ    0x48
  PLTREL      0x7
  JMPREL      0x400450
  RELA        0x400438
  RELASZ      0x18
  RELAENT     0x18
  VERNEED     0x4003f8
  VERNEEDNUM  0x2
  VERSYM      0x4003e8

Version References:
  required from libstdc++.so.6:
    0x056bafd3 0x00 03 CXXABI_1.3
  required from libc.so.6:
    0x09691a75 0x00 02 GLIBC_2.2.5

Sections:
Idx Name          Size      VMA               LMA               File off  Algn
  0 .interp       0000001c  0000000000400238  0000000000400238  00000238  2**0
                  CONTENTS, ALLOC, LOAD, READONLY, DATA
  1 .note.ABI-tag 00000020  0000000000400254  0000000000400254  00000254  2**2
                  CONTENTS, ALLOC, LOAD, READONLY, DATA
  2 .note.SuSE    00000018  0000000000400274  0000000000400274  00000274  2**2
                  CONTENTS, ALLOC, LOAD, READONLY, DATA
  3 .hash         0000002c  0000000000400290  0000000000400290  00000290  2**3
                  CONTENTS, ALLOC, LOAD, READONLY, DATA
  4 .dynsym       00000090  00000000004002c0  00000000004002c0  000002c0  2**3
                  CONTENTS, ALLOC, LOAD, READONLY, DATA
  5 .dynstr       00000098  0000000000400350  0000000000400350  00000350  2**0
                  CONTENTS, ALLOC, LOAD, READONLY, DATA
  6 .gnu.version  0000000c  00000000004003e8  00000000004003e8  000003e8  2**1
                  CONTENTS, ALLOC, LOAD, READONLY, DATA
  7 .gnu.version_r 00000040  00000000004003f8  00000000004003f8  000003f8  2**3
                  CONTENTS, ALLOC, LOAD, READONLY, DATA
  8 .rela.dyn     00000018  0000000000400438  0000000000400438  00000438  2**3
                  CONTENTS, ALLOC, LOAD, READONLY, DATA
  9 .rela.plt     00000048  0000000000400450  0000000000400450  00000450  2**3
                  CONTENTS, ALLOC, LOAD, READONLY, DATA
 10 .init         00000018  0000000000400498  0000000000400498  00000498  2**2
                  CONTENTS, ALLOC, LOAD, READONLY, CODE
 11 .plt          00000040  00000000004004b0  00000000004004b0  000004b0  2**2
                  CONTENTS, ALLOC, LOAD, READONLY, CODE
 12 .text         000001a4  00000000004004f0  00000000004004f0  000004f0  2**4
                  CONTENTS, ALLOC, LOAD, READONLY, CODE
 13 .fini         0000000e  0000000000400694  0000000000400694  00000694  2**2
                  CONTENTS, ALLOC, LOAD, READONLY, CODE
 14 .rodata       00000012  00000000004006a4  00000000004006a4  000006a4  2**2
                  CONTENTS, ALLOC, LOAD, READONLY, DATA
 15 .eh_frame_hdr 00000024  00000000004006b8  00000000004006b8  000006b8  2**2
                  CONTENTS, ALLOC, LOAD, READONLY, DATA
 16 .eh_frame     0000009c  00000000004006e0  00000000004006e0  000006e0  2**3
                  CONTENTS, ALLOC, LOAD, READONLY, DATA
 17 .ctors        00000010  0000000000500780  0000000000500780  00000780  2**3
                  CONTENTS, ALLOC, LOAD, DATA
 18 .dtors        00000010  0000000000500790  0000000000500790  00000790  2**3
                  CONTENTS, ALLOC, LOAD, DATA
 19 .jcr          00000008  00000000005007a0  00000000005007a0  000007a0  2**3
                  CONTENTS, ALLOC, LOAD, DATA
 20 .dynamic      000001c0  00000000005007a8  00000000005007a8  000007a8  2**3
                  CONTENTS, ALLOC, LOAD, DATA
 21 .got          00000008  0000000000500968  0000000000500968  00000968  2**3
                  CONTENTS, ALLOC, LOAD, DATA
 22 .got.plt      00000030  0000000000500970  0000000000500970  00000970  2**3
                  CONTENTS, ALLOC, LOAD, DATA
 23 .data         00000018  00000000005009a0  00000000005009a0  000009a0  2**3
                  CONTENTS, ALLOC, LOAD, DATA
 24 .bss          00000008  00000000005009b8  00000000005009b8  000009b8  2**2
                  ALLOC
 25 .comment      000000d9  0000000000000000  0000000000000000  000009b8  2**0
                  CONTENTS, READONLY
 26 .debug_aranges 000000c0  0000000000000000  0000000000000000  00000aa0  2**4
                  CONTENTS, READONLY, DEBUGGING
 27 .debug_pubnames 00000040  0000000000000000  0000000000000000  00000b60  2**0
                  CONTENTS, READONLY, DEBUGGING
 28 .debug_info   000002b2  0000000000000000  0000000000000000  00000ba0  2**0
                  CONTENTS, READONLY, DEBUGGING
 29 .debug_abbrev 000000a1  0000000000000000  0000000000000000  00000e52  2**0
                  CONTENTS, READONLY, DEBUGGING
 30 .debug_line   00000175  0000000000000000  0000000000000000  00000ef3  2**0
                  CONTENTS, READONLY, DEBUGGING
 31 .debug_frame  00000038  0000000000000000  0000000000000000  00001068  2**3
                  CONTENTS, READONLY, DEBUGGING
 32 .debug_str    000000ad  0000000000000000  0000000000000000  000010a0  2**0
                  CONTENTS, READONLY, DEBUGGING
 33 .debug_loc    0000004c  0000000000000000  0000000000000000  0000114d  2**0
                  CONTENTS, READONLY, DEBUGGING
SYMBOL TABLE:
0000000000400238 l    d  .interp	0000000000000000              .interp
0000000000400254 l    d  .note.ABI-tag	0000000000000000              .note.ABI-tag
0000000000400274 l    d  .note.SuSE	0000000000000000              .note.SuSE
0000000000400290 l    d  .hash	0000000000000000              .hash
00000000004002c0 l    d  .dynsym	0000000000000000              .dynsym
0000000000400350 l    d  .dynstr	0000000000000000              .dynstr
00000000004003e8 l    d  .gnu.version	0000000000000000              .gnu.version
00000000004003f8 l    d  .gnu.version_r	0000000000000000              .gnu.version_r
0000000000400438 l    d  .rela.dyn	0000000000000000              .rela.dyn
0000000000400450 l    d  .rela.plt	0000000000000000              .rela.plt
0000000000400498 l    d  .init	0000000000000000              .init
00000000004004b0 l    d  .plt	0000000000000000              .plt
00000000004004f0 l    d  .text	0000000000000000              .text
0000000000400694 l    d  .fini	0000000000000000              .fini
00000000004006a4 l    d  .rodata	0000000000000000              .rodata
00000000004006b8 l    d  .eh_frame_hdr	0000000000000000              .eh_frame_hdr
00000000004006e0 l    d  .eh_frame	0000000000000000              .eh_frame
0000000000500780 l    d  .ctors	0000000000000000              .ctors
0000000000500790 l    d  .dtors	0000000000000000              .dtors
00000000005007a0 l    d  .jcr	0000000000000000              .jcr
00000000005007a8 l    d  .dynamic	0000000000000000              .dynamic
0000000000500968 l    d  .got	0000000000000000              .got
0000000000500970 l    d  .got.plt	0000000000000000              .got.plt
00000000005009a0 l    d  .data	0000000000000000              .data
00000000005009b8 l    d  .bss	0000000000000000              .bss
0000000000000000 l    d  .comment	0000000000000000              .comment
0000000000000000 l    d  .debug_aranges	0000000000000000              .debug_aranges
0000000000000000 l    d  .debug_pubnames	0000000000000000              .debug_pubnames
0000000000000000 l    d  .debug_info	0000000000000000              .debug_info
0000000000000000 l    d  .debug_abbrev	0000000000000000              .debug_abbrev
0000000000000000 l    d  .debug_line	0000000000000000              .debug_line
0000000000000000 l    d  .debug_frame	0000000000000000              .debug_frame
0000000000000000 l    d  .debug_str	0000000000000000              .debug_str
0000000000000000 l    d  .debug_loc	0000000000000000              .debug_loc
0000000000000000 l    d  *ABS*	0000000000000000              .shstrtab
0000000000000000 l    d  *ABS*	0000000000000000              .symtab
0000000000000000 l    d  *ABS*	0000000000000000              .strtab
0000000000000000 l    df *ABS*	0000000000000000              abi-note.S
0000000000000000 l    df *ABS*	0000000000000000              suse-note.S
0000000000000000 l    df *ABS*	0000000000000000              ../sysdeps/x86_64/elf/start.S
0000000000000000 l    df *ABS*	0000000000000000              init.c
0000000000000000 l    df *ABS*	0000000000000000              initfini.c
0000000000000000 l    df *ABS*	0000000000000000              /usr/src/packages/BUILD/glibc-2.4/cc-nptl/csu/crti.S
000000000040051c l     F .text	0000000000000000              call_gmon_start
0000000000000000 l    df *ABS*	0000000000000000              crtstuff.c
0000000000500780 l     O .ctors	0000000000000000              __CTOR_LIST__
0000000000500790 l     O .dtors	0000000000000000              __DTOR_LIST__
00000000005007a0 l     O .jcr	0000000000000000              __JCR_LIST__
00000000005009b8 l     O .bss	0000000000000001              completed.6093
00000000005009b0 l     O .data	0000000000000000              p.6091
0000000000400540 l     F .text	0000000000000000              __do_global_dtors_aux
0000000000400580 l     F .text	0000000000000000              frame_dummy
0000000000000000 l    df *ABS*	0000000000000000              crtstuff.c
0000000000500788 l     O .ctors	0000000000000000              __CTOR_END__
0000000000500798 l     O .dtors	0000000000000000              __DTOR_END__
0000000000400778 l     O .eh_frame	0000000000000000              __FRAME_END__
00000000005007a0 l     O .jcr	0000000000000000              __JCR_END__
0000000000400660 l     F .text	0000000000000000              __do_global_ctors_aux
0000000000000000 l    df *ABS*	0000000000000000              initfini.c
0000000000000000 l    df *ABS*	0000000000000000              /usr/src/packages/BUILD/glibc-2.4/cc-nptl/csu/crtn.S
0000000000000000 l    df *ABS*	0000000000000000              hello.cpp
00000000005007a8 l     O .dynamic	0000000000000000              .hidden _DYNAMIC
000000000050077c l       *ABS*	0000000000000000              .hidden __init_array_end
0000000000500970 l     O .got.plt	0000000000000000              .hidden _GLOBAL_OFFSET_TABLE_
000000000050077c l       *ABS*	0000000000000000              .hidden __init_array_start
0000000000000000       F *UND*	00000000000001a5              __libc_start_main@@GLIBC_2.2.5
00000000005009a8 g     O .data	0000000000000000              .hidden __dso_handle
00000000004005c0 g     F .text	0000000000000002              __libc_csu_fini
0000000000400498 g     F .init	0000000000000000              _init
00000000004004f0 g     F .text	0000000000000000              _start
00000000004005d0 g     F .text	000000000000008b              __libc_csu_init
00000000005009b8 g       *ABS*	0000000000000000              __bss_start
00000000004005a8 g     F .text	0000000000000015              main
00000000005009a0  w      .data	0000000000000000              data_start
0000000000400694 g     F .fini	0000000000000000              _fini
00000000005009b8 g       *ABS*	0000000000000000              _edata
00000000005009c0 g       *ABS*	0000000000000000              _end
0000000000000000       F *UND*	00000000000001ae              puts@@GLIBC_2.2.5
00000000004006a4 g     O .rodata	0000000000000004              _IO_stdin_used
00000000005009a0 g       .data	0000000000000000              __data_start
0000000000000000  w      *UND*	0000000000000000              _Jv_RegisterClasses
00000000004004e0       F *UND*	000000000000045f              __gxx_personality_v0@@CXXABI_1.3
0000000000000000  w      *UND*	0000000000000000              __gmon_start__


